Base path: 'C:/Program Files/Unity/Hub/Editor/2022.3.27f1/Editor/Data', plugins path 'C:/Program Files/Unity/Hub/Editor/2022.3.27f1/Editor/Data/PlaybackEngines'
Cmd: initializeCompiler

Cmd: compileComputeKernel
  insize=4277 file=Assets/Resources/VoxelGrid.compute kernel=CS_VoxelizeScene ppOnly=0 stripLineD=0 buildPlatform=19 km=<UNITY_VERSION=202239> pKW=UNITY_ENABLE_REFLECTION_BUFFERS UNITY_USE_DITHER_MASK_FOR_ALPHABLENDED_SHADOWS UNITY_PBS_USE_BRDF1 UNITY_SPECCUBE_BOX_PROJECTION UNITY_SPECCUBE_BLENDING UNITY_ENABLE_DETAIL_NORMALMAP SHADER_API_DESKTOP UNITY_LIGHT_PROBE_PROXY_VOLUME UNITY_LIGHTMAP_FULL_HDR uKW=SHADER_STAGE_COMPUTE platform=d3d11 flags=0 reqs=16385 forceDXC=0 forceFXC=0  error: 1 plat 4 at VoxelGrid.compute(28): implicit truncation of vector type
  error: 1 plat 4 at VoxelGrid.compute(107): signed/unsigned mismatch, unsigned assumed
  error: 1 plat 4 at VoxelGrid.compute(108): signed/unsigned mismatch, unsigned assumed
  error: 1 plat 4 at VoxelGrid.compute(109): signed/unsigned mismatch, unsigned assumed
 ok=1 outsize=253

Cmd: compileComputeKernel
  insize=4277 file=Assets/Resources/VoxelGrid.compute kernel=CS_FillSmoke ppOnly=0 stripLineD=0 buildPlatform=19 km=<UNITY_VERSION=202239> pKW=UNITY_ENABLE_REFLECTION_BUFFERS UNITY_USE_DITHER_MASK_FOR_ALPHABLENDED_SHADOWS UNITY_PBS_USE_BRDF1 UNITY_SPECCUBE_BOX_PROJECTION UNITY_SPECCUBE_BLENDING UNITY_ENABLE_DETAIL_NORMALMAP SHADER_API_DESKTOP UNITY_LIGHT_PROBE_PROXY_VOLUME UNITY_LIGHTMAP_FULL_HDR uKW=SHADER_STAGE_COMPUTE platform=d3d11 flags=0 reqs=16385 forceDXC=0 forceFXC=0  error: 1 plat 4 at VoxelGrid.compute(28): implicit truncation of vector type
  error: 1 plat 4 at VoxelGrid.compute(107): signed/unsigned mismatch, unsigned assumed
  error: 1 plat 4 at VoxelGrid.compute(108): signed/unsigned mismatch, unsigned assumed
  error: 1 plat 4 at VoxelGrid.compute(109): signed/unsigned mismatch, unsigned assumed
 ok=1 outsize=749

Cmd: compileComputeKernel
  insize=4277 file=Assets/Resources/VoxelGrid.compute kernel=CS_SmokeOrigin ppOnly=0 stripLineD=0 buildPlatform=19 km=<UNITY_VERSION=202239> pKW=UNITY_ENABLE_REFLECTION_BUFFERS UNITY_USE_DITHER_MASK_FOR_ALPHABLENDED_SHADOWS UNITY_PBS_USE_BRDF1 UNITY_SPECCUBE_BOX_PROJECTION UNITY_SPECCUBE_BLENDING UNITY_ENABLE_DETAIL_NORMALMAP SHADER_API_DESKTOP UNITY_LIGHT_PROBE_PROXY_VOLUME UNITY_LIGHTMAP_FULL_HDR uKW=SHADER_STAGE_COMPUTE platform=d3d11 flags=0 reqs=16385 forceDXC=0 forceFXC=0  error: 1 plat 4 at VoxelGrid.compute(28): implicit truncation of vector type
  error: 1 plat 4 at VoxelGrid.compute(107): signed/unsigned mismatch, unsigned assumed
  error: 1 plat 4 at VoxelGrid.compute(108): signed/unsigned mismatch, unsigned assumed
  error: 1 plat 4 at VoxelGrid.compute(109): signed/unsigned mismatch, unsigned assumed
 ok=1 outsize=1096

Cmd: compileComputeKernel
  insize=4277 file=Assets/Resources/VoxelGrid.compute kernel=CS_Static ppOnly=0 stripLineD=0 buildPlatform=19 km=<UNITY_VERSION=202239> pKW=UNITY_ENABLE_REFLECTION_BUFFERS UNITY_USE_DITHER_MASK_FOR_ALPHABLENDED_SHADOWS UNITY_PBS_USE_BRDF1 UNITY_SPECCUBE_BOX_PROJECTION UNITY_SPECCUBE_BLENDING UNITY_ENABLE_DETAIL_NORMALMAP SHADER_API_DESKTOP UNITY_LIGHT_PROBE_PROXY_VOLUME UNITY_LIGHTMAP_FULL_HDR uKW=SHADER_STAGE_COMPUTE platform=d3d11 flags=0 reqs=16385 forceDXC=0 forceFXC=0  error: 1 plat 4 at VoxelGrid.compute(28): implicit truncation of vector type
  error: 1 plat 4 at VoxelGrid.compute(107): signed/unsigned mismatch, unsigned assumed
  error: 1 plat 4 at VoxelGrid.compute(108): signed/unsigned mismatch, unsigned assumed
  error: 1 plat 4 at VoxelGrid.compute(109): signed/unsigned mismatch, unsigned assumed
 ok=1 outsize=329

Cmd: compileComputeKernel
  insize=4277 file=Assets/Resources/VoxelGrid.compute kernel=CS_Clear ppOnly=0 stripLineD=0 buildPlatform=19 km=<UNITY_VERSION=202239> pKW=UNITY_ENABLE_REFLECTION_BUFFERS UNITY_USE_DITHER_MASK_FOR_ALPHABLENDED_SHADOWS UNITY_PBS_USE_BRDF1 UNITY_SPECCUBE_BOX_PROJECTION UNITY_SPECCUBE_BLENDING UNITY_ENABLE_DETAIL_NORMALMAP SHADER_API_DESKTOP UNITY_LIGHT_PROBE_PROXY_VOLUME UNITY_LIGHTMAP_FULL_HDR uKW=SHADER_STAGE_COMPUTE platform=d3d11 flags=0 reqs=16385 forceDXC=0 forceFXC=0  error: 1 plat 4 at VoxelGrid.compute(28): implicit truncation of vector type
  error: 1 plat 4 at VoxelGrid.compute(107): signed/unsigned mismatch, unsigned assumed
  error: 1 plat 4 at VoxelGrid.compute(108): signed/unsigned mismatch, unsigned assumed
  error: 1 plat 4 at VoxelGrid.compute(109): signed/unsigned mismatch, unsigned assumed
 ok=1 outsize=328

Cmd: compileComputeKernel
  insize=4296 file=Assets/Resources/VoxelGrid.compute kernel=CS_VoxelizeScene ppOnly=0 stripLineD=0 buildPlatform=19 km=<UNITY_VERSION=202239> pKW=UNITY_ENABLE_REFLECTION_BUFFERS UNITY_USE_DITHER_MASK_FOR_ALPHABLENDED_SHADOWS UNITY_PBS_USE_BRDF1 UNITY_SPECCUBE_BOX_PROJECTION UNITY_SPECCUBE_BLENDING UNITY_ENABLE_DETAIL_NORMALMAP SHADER_API_DESKTOP UNITY_LIGHT_PROBE_PROXY_VOLUME UNITY_LIGHTMAP_FULL_HDR uKW=SHADER_STAGE_COMPUTE platform=d3d11 flags=0 reqs=16385 forceDXC=0 forceFXC=0  error: 1 plat 4 at VoxelGrid.compute(28): implicit truncation of vector type
  error: 1 plat 4 at VoxelGrid.compute(107): signed/unsigned mismatch, unsigned assumed
  error: 1 plat 4 at VoxelGrid.compute(108): signed/unsigned mismatch, unsigned assumed
  error: 1 plat 4 at VoxelGrid.compute(109): signed/unsigned mismatch, unsigned assumed
  error: 2 plat 4 at VoxelGrid.compute(111): 'to1D': no matching 3 parameter function
 ok=0 outsize=0

Cmd: compileComputeKernel
  insize=4296 file=Assets/Resources/VoxelGrid.compute kernel=CS_FillSmoke ppOnly=0 stripLineD=0 buildPlatform=19 km=<UNITY_VERSION=202239> pKW=UNITY_ENABLE_REFLECTION_BUFFERS UNITY_USE_DITHER_MASK_FOR_ALPHABLENDED_SHADOWS UNITY_PBS_USE_BRDF1 UNITY_SPECCUBE_BOX_PROJECTION UNITY_SPECCUBE_BLENDING UNITY_ENABLE_DETAIL_NORMALMAP SHADER_API_DESKTOP UNITY_LIGHT_PROBE_PROXY_VOLUME UNITY_LIGHTMAP_FULL_HDR uKW=SHADER_STAGE_COMPUTE platform=d3d11 flags=0 reqs=16385 forceDXC=0 forceFXC=0  error: 1 plat 4 at VoxelGrid.compute(28): implicit truncation of vector type
  error: 1 plat 4 at VoxelGrid.compute(107): signed/unsigned mismatch, unsigned assumed
  error: 1 plat 4 at VoxelGrid.compute(108): signed/unsigned mismatch, unsigned assumed
  error: 1 plat 4 at VoxelGrid.compute(109): signed/unsigned mismatch, unsigned assumed
  error: 2 plat 4 at VoxelGrid.compute(111): 'to1D': no matching 3 parameter function
 ok=0 outsize=0

Cmd: compileComputeKernel
  insize=4296 file=Assets/Resources/VoxelGrid.compute kernel=CS_SmokeOrigin ppOnly=0 stripLineD=0 buildPlatform=19 km=<UNITY_VERSION=202239> pKW=UNITY_ENABLE_REFLECTION_BUFFERS UNITY_USE_DITHER_MASK_FOR_ALPHABLENDED_SHADOWS UNITY_PBS_USE_BRDF1 UNITY_SPECCUBE_BOX_PROJECTION UNITY_SPECCUBE_BLENDING UNITY_ENABLE_DETAIL_NORMALMAP SHADER_API_DESKTOP UNITY_LIGHT_PROBE_PROXY_VOLUME UNITY_LIGHTMAP_FULL_HDR uKW=SHADER_STAGE_COMPUTE platform=d3d11 flags=0 reqs=16385 forceDXC=0 forceFXC=0  error: 1 plat 4 at VoxelGrid.compute(28): implicit truncation of vector type
  error: 1 plat 4 at VoxelGrid.compute(107): signed/unsigned mismatch, unsigned assumed
  error: 1 plat 4 at VoxelGrid.compute(108): signed/unsigned mismatch, unsigned assumed
  error: 1 plat 4 at VoxelGrid.compute(109): signed/unsigned mismatch, unsigned assumed
  error: 2 plat 4 at VoxelGrid.compute(111): 'to1D': no matching 3 parameter function
 ok=0 outsize=0

Cmd: compileComputeKernel
  insize=4296 file=Assets/Resources/VoxelGrid.compute kernel=CS_Static ppOnly=0 stripLineD=0 buildPlatform=19 km=<UNITY_VERSION=202239> pKW=UNITY_ENABLE_REFLECTION_BUFFERS UNITY_USE_DITHER_MASK_FOR_ALPHABLENDED_SHADOWS UNITY_PBS_USE_BRDF1 UNITY_SPECCUBE_BOX_PROJECTION UNITY_SPECCUBE_BLENDING UNITY_ENABLE_DETAIL_NORMALMAP SHADER_API_DESKTOP UNITY_LIGHT_PROBE_PROXY_VOLUME UNITY_LIGHTMAP_FULL_HDR uKW=SHADER_STAGE_COMPUTE platform=d3d11 flags=0 reqs=16385 forceDXC=0 forceFXC=0  error: 1 plat 4 at VoxelGrid.compute(28): implicit truncation of vector type
  error: 1 plat 4 at VoxelGrid.compute(107): signed/unsigned mismatch, unsigned assumed
  error: 1 plat 4 at VoxelGrid.compute(108): signed/unsigned mismatch, unsigned assumed
  error: 1 plat 4 at VoxelGrid.compute(109): signed/unsigned mismatch, unsigned assumed
  error: 2 plat 4 at VoxelGrid.compute(111): 'to1D': no matching 3 parameter function
 ok=0 outsize=0

Cmd: compileComputeKernel
  insize=4296 file=Assets/Resources/VoxelGrid.compute kernel=CS_Clear ppOnly=0 stripLineD=0 buildPlatform=19 km=<UNITY_VERSION=202239> pKW=UNITY_ENABLE_REFLECTION_BUFFERS UNITY_USE_DITHER_MASK_FOR_ALPHABLENDED_SHADOWS UNITY_PBS_USE_BRDF1 UNITY_SPECCUBE_BOX_PROJECTION UNITY_SPECCUBE_BLENDING UNITY_ENABLE_DETAIL_NORMALMAP SHADER_API_DESKTOP UNITY_LIGHT_PROBE_PROXY_VOLUME UNITY_LIGHTMAP_FULL_HDR uKW=SHADER_STAGE_COMPUTE platform=d3d11 flags=0 reqs=16385 forceDXC=0 forceFXC=0  error: 1 plat 4 at VoxelGrid.compute(28): implicit truncation of vector type
  error: 1 plat 4 at VoxelGrid.compute(107): signed/unsigned mismatch, unsigned assumed
  error: 1 plat 4 at VoxelGrid.compute(108): signed/unsigned mismatch, unsigned assumed
  error: 1 plat 4 at VoxelGrid.compute(109): signed/unsigned mismatch, unsigned assumed
  error: 2 plat 4 at VoxelGrid.compute(111): 'to1D': no matching 3 parameter function
 ok=0 outsize=0

Cmd: compileComputeKernel
  insize=4355 file=Assets/Resources/VoxelGrid.compute kernel=CS_VoxelizeScene ppOnly=0 stripLineD=0 buildPlatform=19 km=<UNITY_VERSION=202239> pKW=UNITY_ENABLE_REFLECTION_BUFFERS UNITY_USE_DITHER_MASK_FOR_ALPHABLENDED_SHADOWS UNITY_PBS_USE_BRDF1 UNITY_SPECCUBE_BOX_PROJECTION UNITY_SPECCUBE_BLENDING UNITY_ENABLE_DETAIL_NORMALMAP SHADER_API_DESKTOP UNITY_LIGHT_PROBE_PROXY_VOLUME UNITY_LIGHTMAP_FULL_HDR uKW=SHADER_STAGE_COMPUTE platform=d3d11 flags=0 reqs=16385 forceDXC=0 forceFXC=0  error: 1 plat 4 at VoxelGrid.compute(28): implicit truncation of vector type
  error: 1 plat 4 at VoxelGrid.compute(107): signed/unsigned mismatch, unsigned assumed
  error: 1 plat 4 at VoxelGrid.compute(108): signed/unsigned mismatch, unsigned assumed
  error: 1 plat 4 at VoxelGrid.compute(109): signed/unsigned mismatch, unsigned assumed
 ok=1 outsize=253

Cmd: compileComputeKernel
  insize=4355 file=Assets/Resources/VoxelGrid.compute kernel=CS_FillSmoke ppOnly=0 stripLineD=0 buildPlatform=19 km=<UNITY_VERSION=202239> pKW=UNITY_ENABLE_REFLECTION_BUFFERS UNITY_USE_DITHER_MASK_FOR_ALPHABLENDED_SHADOWS UNITY_PBS_USE_BRDF1 UNITY_SPECCUBE_BOX_PROJECTION UNITY_SPECCUBE_BLENDING UNITY_ENABLE_DETAIL_NORMALMAP SHADER_API_DESKTOP UNITY_LIGHT_PROBE_PROXY_VOLUME UNITY_LIGHTMAP_FULL_HDR uKW=SHADER_STAGE_COMPUTE platform=d3d11 flags=0 reqs=16385 forceDXC=0 forceFXC=0  error: 1 plat 4 at VoxelGrid.compute(28): implicit truncation of vector type
  error: 1 plat 4 at VoxelGrid.compute(107): signed/unsigned mismatch, unsigned assumed
  error: 1 plat 4 at VoxelGrid.compute(108): signed/unsigned mismatch, unsigned assumed
  error: 1 plat 4 at VoxelGrid.compute(109): signed/unsigned mismatch, unsigned assumed
 ok=1 outsize=837

Cmd: compileComputeKernel
  insize=4355 file=Assets/Resources/VoxelGrid.compute kernel=CS_SmokeOrigin ppOnly=0 stripLineD=0 buildPlatform=19 km=<UNITY_VERSION=202239> pKW=UNITY_ENABLE_REFLECTION_BUFFERS UNITY_USE_DITHER_MASK_FOR_ALPHABLENDED_SHADOWS UNITY_PBS_USE_BRDF1 UNITY_SPECCUBE_BOX_PROJECTION UNITY_SPECCUBE_BLENDING UNITY_ENABLE_DETAIL_NORMALMAP SHADER_API_DESKTOP UNITY_LIGHT_PROBE_PROXY_VOLUME UNITY_LIGHTMAP_FULL_HDR uKW=SHADER_STAGE_COMPUTE platform=d3d11 flags=0 reqs=16385 forceDXC=0 forceFXC=0  error: 1 plat 4 at VoxelGrid.compute(28): implicit truncation of vector type
  error: 1 plat 4 at VoxelGrid.compute(107): signed/unsigned mismatch, unsigned assumed
  error: 1 plat 4 at VoxelGrid.compute(108): signed/unsigned mismatch, unsigned assumed
  error: 1 plat 4 at VoxelGrid.compute(109): signed/unsigned mismatch, unsigned assumed
 ok=1 outsize=1096

Cmd: compileComputeKernel
  insize=4355 file=Assets/Resources/VoxelGrid.compute kernel=CS_Static ppOnly=0 stripLineD=0 buildPlatform=19 km=<UNITY_VERSION=202239> pKW=UNITY_ENABLE_REFLECTION_BUFFERS UNITY_USE_DITHER_MASK_FOR_ALPHABLENDED_SHADOWS UNITY_PBS_USE_BRDF1 UNITY_SPECCUBE_BOX_PROJECTION UNITY_SPECCUBE_BLENDING UNITY_ENABLE_DETAIL_NORMALMAP SHADER_API_DESKTOP UNITY_LIGHT_PROBE_PROXY_VOLUME UNITY_LIGHTMAP_FULL_HDR uKW=SHADER_STAGE_COMPUTE platform=d3d11 flags=0 reqs=16385 forceDXC=0 forceFXC=0  error: 1 plat 4 at VoxelGrid.compute(28): implicit truncation of vector type
  error: 1 plat 4 at VoxelGrid.compute(107): signed/unsigned mismatch, unsigned assumed
  error: 1 plat 4 at VoxelGrid.compute(108): signed/unsigned mismatch, unsigned assumed
  error: 1 plat 4 at VoxelGrid.compute(109): signed/unsigned mismatch, unsigned assumed
 ok=1 outsize=329

Cmd: compileComputeKernel
  insize=4355 file=Assets/Resources/VoxelGrid.compute kernel=CS_Clear ppOnly=0 stripLineD=0 buildPlatform=19 km=<UNITY_VERSION=202239> pKW=UNITY_ENABLE_REFLECTION_BUFFERS UNITY_USE_DITHER_MASK_FOR_ALPHABLENDED_SHADOWS UNITY_PBS_USE_BRDF1 UNITY_SPECCUBE_BOX_PROJECTION UNITY_SPECCUBE_BLENDING UNITY_ENABLE_DETAIL_NORMALMAP SHADER_API_DESKTOP UNITY_LIGHT_PROBE_PROXY_VOLUME UNITY_LIGHTMAP_FULL_HDR uKW=SHADER_STAGE_COMPUTE platform=d3d11 flags=0 reqs=16385 forceDXC=0 forceFXC=0  error: 1 plat 4 at VoxelGrid.compute(28): implicit truncation of vector type
  error: 1 plat 4 at VoxelGrid.compute(107): signed/unsigned mismatch, unsigned assumed
  error: 1 plat 4 at VoxelGrid.compute(108): signed/unsigned mismatch, unsigned assumed
  error: 1 plat 4 at VoxelGrid.compute(109): signed/unsigned mismatch, unsigned assumed
 ok=1 outsize=328

Cmd: compileComputeKernel
  insize=4368 file=Assets/Resources/VoxelGrid.compute kernel=CS_VoxelizeScene ppOnly=0 stripLineD=0 buildPlatform=19 km=<UNITY_VERSION=202239> pKW=UNITY_ENABLE_REFLECTION_BUFFERS UNITY_USE_DITHER_MASK_FOR_ALPHABLENDED_SHADOWS UNITY_PBS_USE_BRDF1 UNITY_SPECCUBE_BOX_PROJECTION UNITY_SPECCUBE_BLENDING UNITY_ENABLE_DETAIL_NORMALMAP SHADER_API_DESKTOP UNITY_LIGHT_PROBE_PROXY_VOLUME UNITY_LIGHTMAP_FULL_HDR uKW=SHADER_STAGE_COMPUTE platform=d3d11 flags=0 reqs=16385 forceDXC=0 forceFXC=0  error: 1 plat 4 at VoxelGrid.compute(28): implicit truncation of vector type
  error: 1 plat 4 at VoxelGrid.compute(108): signed/unsigned mismatch, unsigned assumed
  error: 1 plat 4 at VoxelGrid.compute(109): signed/unsigned mismatch, unsigned assumed
  error: 1 plat 4 at VoxelGrid.compute(110): signed/unsigned mismatch, unsigned assumed
 ok=1 outsize=253

Cmd: compileComputeKernel
  insize=4368 file=Assets/Resources/VoxelGrid.compute kernel=CS_FillSmoke ppOnly=0 stripLineD=0 buildPlatform=19 km=<UNITY_VERSION=202239> pKW=UNITY_ENABLE_REFLECTION_BUFFERS UNITY_USE_DITHER_MASK_FOR_ALPHABLENDED_SHADOWS UNITY_PBS_USE_BRDF1 UNITY_SPECCUBE_BOX_PROJECTION UNITY_SPECCUBE_BLENDING UNITY_ENABLE_DETAIL_NORMALMAP SHADER_API_DESKTOP UNITY_LIGHT_PROBE_PROXY_VOLUME UNITY_LIGHTMAP_FULL_HDR uKW=SHADER_STAGE_COMPUTE platform=d3d11 flags=0 reqs=16385 forceDXC=0 forceFXC=0  error: 1 plat 4 at VoxelGrid.compute(28): implicit truncation of vector type
  error: 1 plat 4 at VoxelGrid.compute(108): signed/unsigned mismatch, unsigned assumed
  error: 1 plat 4 at VoxelGrid.compute(109): signed/unsigned mismatch, unsigned assumed
  error: 1 plat 4 at VoxelGrid.compute(110): signed/unsigned mismatch, unsigned assumed
 ok=1 outsize=837

Cmd: compileComputeKernel
  insize=4368 file=Assets/Resources/VoxelGrid.compute kernel=CS_SmokeOrigin ppOnly=0 stripLineD=0 buildPlatform=19 km=<UNITY_VERSION=202239> pKW=UNITY_ENABLE_REFLECTION_BUFFERS UNITY_USE_DITHER_MASK_FOR_ALPHABLENDED_SHADOWS UNITY_PBS_USE_BRDF1 UNITY_SPECCUBE_BOX_PROJECTION UNITY_SPECCUBE_BLENDING UNITY_ENABLE_DETAIL_NORMALMAP SHADER_API_DESKTOP UNITY_LIGHT_PROBE_PROXY_VOLUME UNITY_LIGHTMAP_FULL_HDR uKW=SHADER_STAGE_COMPUTE platform=d3d11 flags=0 reqs=16385 forceDXC=0 forceFXC=0  error: 1 plat 4 at VoxelGrid.compute(28): implicit truncation of vector type
  error: 1 plat 4 at VoxelGrid.compute(108): signed/unsigned mismatch, unsigned assumed
  error: 1 plat 4 at VoxelGrid.compute(109): signed/unsigned mismatch, unsigned assumed
  error: 1 plat 4 at VoxelGrid.compute(110): signed/unsigned mismatch, unsigned assumed
 ok=1 outsize=1096

Cmd: compileComputeKernel
  insize=4368 file=Assets/Resources/VoxelGrid.compute kernel=CS_Static ppOnly=0 stripLineD=0 buildPlatform=19 km=<UNITY_VERSION=202239> pKW=UNITY_ENABLE_REFLECTION_BUFFERS UNITY_USE_DITHER_MASK_FOR_ALPHABLENDED_SHADOWS UNITY_PBS_USE_BRDF1 UNITY_SPECCUBE_BOX_PROJECTION UNITY_SPECCUBE_BLENDING UNITY_ENABLE_DETAIL_NORMALMAP SHADER_API_DESKTOP UNITY_LIGHT_PROBE_PROXY_VOLUME UNITY_LIGHTMAP_FULL_HDR uKW=SHADER_STAGE_COMPUTE platform=d3d11 flags=0 reqs=16385 forceDXC=0 forceFXC=0  error: 1 plat 4 at VoxelGrid.compute(28): implicit truncation of vector type
  error: 1 plat 4 at VoxelGrid.compute(108): signed/unsigned mismatch, unsigned assumed
  error: 1 plat 4 at VoxelGrid.compute(109): signed/unsigned mismatch, unsigned assumed
  error: 1 plat 4 at VoxelGrid.compute(110): signed/unsigned mismatch, unsigned assumed
 ok=1 outsize=329

Cmd: compileComputeKernel
  insize=4368 file=Assets/Resources/VoxelGrid.compute kernel=CS_Clear ppOnly=0 stripLineD=0 buildPlatform=19 km=<UNITY_VERSION=202239> pKW=UNITY_ENABLE_REFLECTION_BUFFERS UNITY_USE_DITHER_MASK_FOR_ALPHABLENDED_SHADOWS UNITY_PBS_USE_BRDF1 UNITY_SPECCUBE_BOX_PROJECTION UNITY_SPECCUBE_BLENDING UNITY_ENABLE_DETAIL_NORMALMAP SHADER_API_DESKTOP UNITY_LIGHT_PROBE_PROXY_VOLUME UNITY_LIGHTMAP_FULL_HDR uKW=SHADER_STAGE_COMPUTE platform=d3d11 flags=0 reqs=16385 forceDXC=0 forceFXC=0  error: 1 plat 4 at VoxelGrid.compute(28): implicit truncation of vector type
  error: 1 plat 4 at VoxelGrid.compute(108): signed/unsigned mismatch, unsigned assumed
  error: 1 plat 4 at VoxelGrid.compute(109): signed/unsigned mismatch, unsigned assumed
  error: 1 plat 4 at VoxelGrid.compute(110): signed/unsigned mismatch, unsigned assumed
 ok=1 outsize=328

Cmd: compileComputeKernel
  insize=4104 file=Assets/Resources/VoxelGrid.compute kernel=CS_VoxelizeScene ppOnly=0 stripLineD=0 buildPlatform=19 km=<UNITY_VERSION=202239> pKW=UNITY_ENABLE_REFLECTION_BUFFERS UNITY_USE_DITHER_MASK_FOR_ALPHABLENDED_SHADOWS UNITY_PBS_USE_BRDF1 UNITY_SPECCUBE_BOX_PROJECTION UNITY_SPECCUBE_BLENDING UNITY_ENABLE_DETAIL_NORMALMAP SHADER_API_DESKTOP UNITY_LIGHT_PROBE_PROXY_VOLUME UNITY_LIGHTMAP_FULL_HDR uKW=SHADER_STAGE_COMPUTE platform=d3d11 flags=0 reqs=16385 forceDXC=0 forceFXC=0  error: 1 plat 4 at VoxelGrid.compute(28): implicit truncation of vector type
  error: 1 plat 4 at VoxelGrid.compute(108): signed/unsigned mismatch, unsigned assumed
  error: 1 plat 4 at VoxelGrid.compute(109): signed/unsigned mismatch, unsigned assumed
  error: 1 plat 4 at VoxelGrid.compute(110): signed/unsigned mismatch, unsigned assumed
 ok=1 outsize=253

Cmd: compileComputeKernel
  insize=4104 file=Assets/Resources/VoxelGrid.compute kernel=CS_FillSmoke ppOnly=0 stripLineD=0 buildPlatform=19 km=<UNITY_VERSION=202239> pKW=UNITY_ENABLE_REFLECTION_BUFFERS UNITY_USE_DITHER_MASK_FOR_ALPHABLENDED_SHADOWS UNITY_PBS_USE_BRDF1 UNITY_SPECCUBE_BOX_PROJECTION UNITY_SPECCUBE_BLENDING UNITY_ENABLE_DETAIL_NORMALMAP SHADER_API_DESKTOP UNITY_LIGHT_PROBE_PROXY_VOLUME UNITY_LIGHTMAP_FULL_HDR uKW=SHADER_STAGE_COMPUTE platform=d3d11 flags=0 reqs=16385 forceDXC=0 forceFXC=0  error: 1 plat 4 at VoxelGrid.compute(28): implicit truncation of vector type
  error: 1 plat 4 at VoxelGrid.compute(108): signed/unsigned mismatch, unsigned assumed
  error: 1 plat 4 at VoxelGrid.compute(109): signed/unsigned mismatch, unsigned assumed
  error: 1 plat 4 at VoxelGrid.compute(110): signed/unsigned mismatch, unsigned assumed
 ok=1 outsize=1673

Cmd: compileComputeKernel
  insize=4104 file=Assets/Resources/VoxelGrid.compute kernel=CS_SmokeOrigin ppOnly=0 stripLineD=0 buildPlatform=19 km=<UNITY_VERSION=202239> pKW=UNITY_ENABLE_REFLECTION_BUFFERS UNITY_USE_DITHER_MASK_FOR_ALPHABLENDED_SHADOWS UNITY_PBS_USE_BRDF1 UNITY_SPECCUBE_BOX_PROJECTION UNITY_SPECCUBE_BLENDING UNITY_ENABLE_DETAIL_NORMALMAP SHADER_API_DESKTOP UNITY_LIGHT_PROBE_PROXY_VOLUME UNITY_LIGHTMAP_FULL_HDR uKW=SHADER_STAGE_COMPUTE platform=d3d11 flags=0 reqs=16385 forceDXC=0 forceFXC=0  error: 1 plat 4 at VoxelGrid.compute(28): implicit truncation of vector type
  error: 1 plat 4 at VoxelGrid.compute(108): signed/unsigned mismatch, unsigned assumed
  error: 1 plat 4 at VoxelGrid.compute(109): signed/unsigned mismatch, unsigned assumed
  error: 1 plat 4 at VoxelGrid.compute(110): signed/unsigned mismatch, unsigned assumed
 ok=1 outsize=1096

Cmd: compileComputeKernel
  insize=4104 file=Assets/Resources/VoxelGrid.compute kernel=CS_Static ppOnly=0 stripLineD=0 buildPlatform=19 km=<UNITY_VERSION=202239> pKW=UNITY_ENABLE_REFLECTION_BUFFERS UNITY_USE_DITHER_MASK_FOR_ALPHABLENDED_SHADOWS UNITY_PBS_USE_BRDF1 UNITY_SPECCUBE_BOX_PROJECTION UNITY_SPECCUBE_BLENDING UNITY_ENABLE_DETAIL_NORMALMAP SHADER_API_DESKTOP UNITY_LIGHT_PROBE_PROXY_VOLUME UNITY_LIGHTMAP_FULL_HDR uKW=SHADER_STAGE_COMPUTE platform=d3d11 flags=0 reqs=16385 forceDXC=0 forceFXC=0  error: 1 plat 4 at VoxelGrid.compute(28): implicit truncation of vector type
  error: 1 plat 4 at VoxelGrid.compute(108): signed/unsigned mismatch, unsigned assumed
  error: 1 plat 4 at VoxelGrid.compute(109): signed/unsigned mismatch, unsigned assumed
  error: 1 plat 4 at VoxelGrid.compute(110): signed/unsigned mismatch, unsigned assumed
 ok=1 outsize=329

Cmd: compileComputeKernel
  insize=4104 file=Assets/Resources/VoxelGrid.compute kernel=CS_Clear ppOnly=0 stripLineD=0 buildPlatform=19 km=<UNITY_VERSION=202239> pKW=UNITY_ENABLE_REFLECTION_BUFFERS UNITY_USE_DITHER_MASK_FOR_ALPHABLENDED_SHADOWS UNITY_PBS_USE_BRDF1 UNITY_SPECCUBE_BOX_PROJECTION UNITY_SPECCUBE_BLENDING UNITY_ENABLE_DETAIL_NORMALMAP SHADER_API_DESKTOP UNITY_LIGHT_PROBE_PROXY_VOLUME UNITY_LIGHTMAP_FULL_HDR uKW=SHADER_STAGE_COMPUTE platform=d3d11 flags=0 reqs=16385 forceDXC=0 forceFXC=0  error: 1 plat 4 at VoxelGrid.compute(28): implicit truncation of vector type
  error: 1 plat 4 at VoxelGrid.compute(108): signed/unsigned mismatch, unsigned assumed
  error: 1 plat 4 at VoxelGrid.compute(109): signed/unsigned mismatch, unsigned assumed
  error: 1 plat 4 at VoxelGrid.compute(110): signed/unsigned mismatch, unsigned assumed
 ok=1 outsize=328

Cmd: compileComputeKernel
  insize=4098 file=Assets/Resources/VoxelGrid.compute kernel=CS_VoxelizeScene ppOnly=0 stripLineD=0 buildPlatform=19 km=<UNITY_VERSION=202239> pKW=UNITY_ENABLE_REFLECTION_BUFFERS UNITY_USE_DITHER_MASK_FOR_ALPHABLENDED_SHADOWS UNITY_PBS_USE_BRDF1 UNITY_SPECCUBE_BOX_PROJECTION UNITY_SPECCUBE_BLENDING UNITY_ENABLE_DETAIL_NORMALMAP SHADER_API_DESKTOP UNITY_LIGHT_PROBE_PROXY_VOLUME UNITY_LIGHTMAP_FULL_HDR uKW=SHADER_STAGE_COMPUTE platform=d3d11 flags=0 reqs=16385 forceDXC=0 forceFXC=0  error: 1 plat 4 at VoxelGrid.compute(28): implicit truncation of vector type
  error: 1 plat 4 at VoxelGrid.compute(108): signed/unsigned mismatch, unsigned assumed
  error: 1 plat 4 at VoxelGrid.compute(109): signed/unsigned mismatch, unsigned assumed
  error: 1 plat 4 at VoxelGrid.compute(110): signed/unsigned mismatch, unsigned assumed
 ok=1 outsize=253

Cmd: compileComputeKernel
  insize=4098 file=Assets/Resources/VoxelGrid.compute kernel=CS_FillSmoke ppOnly=0 stripLineD=0 buildPlatform=19 km=<UNITY_VERSION=202239> pKW=UNITY_ENABLE_REFLECTION_BUFFERS UNITY_USE_DITHER_MASK_FOR_ALPHABLENDED_SHADOWS UNITY_PBS_USE_BRDF1 UNITY_SPECCUBE_BOX_PROJECTION UNITY_SPECCUBE_BLENDING UNITY_ENABLE_DETAIL_NORMALMAP SHADER_API_DESKTOP UNITY_LIGHT_PROBE_PROXY_VOLUME UNITY_LIGHTMAP_FULL_HDR uKW=SHADER_STAGE_COMPUTE platform=d3d11 flags=0 reqs=16385 forceDXC=0 forceFXC=0  error: 1 plat 4 at VoxelGrid.compute(28): implicit truncation of vector type
  error: 1 plat 4 at VoxelGrid.compute(108): signed/unsigned mismatch, unsigned assumed
  error: 1 plat 4 at VoxelGrid.compute(109): signed/unsigned mismatch, unsigned assumed
  error: 1 plat 4 at VoxelGrid.compute(110): signed/unsigned mismatch, unsigned assumed
 ok=1 outsize=1633

Cmd: compileComputeKernel
  insize=4098 file=Assets/Resources/VoxelGrid.compute kernel=CS_SmokeOrigin ppOnly=0 stripLineD=0 buildPlatform=19 km=<UNITY_VERSION=202239> pKW=UNITY_ENABLE_REFLECTION_BUFFERS UNITY_USE_DITHER_MASK_FOR_ALPHABLENDED_SHADOWS UNITY_PBS_USE_BRDF1 UNITY_SPECCUBE_BOX_PROJECTION UNITY_SPECCUBE_BLENDING UNITY_ENABLE_DETAIL_NORMALMAP SHADER_API_DESKTOP UNITY_LIGHT_PROBE_PROXY_VOLUME UNITY_LIGHTMAP_FULL_HDR uKW=SHADER_STAGE_COMPUTE platform=d3d11 flags=0 reqs=16385 forceDXC=0 forceFXC=0  error: 1 plat 4 at VoxelGrid.compute(28): implicit truncation of vector type
  error: 1 plat 4 at VoxelGrid.compute(108): signed/unsigned mismatch, unsigned assumed
  error: 1 plat 4 at VoxelGrid.compute(109): signed/unsigned mismatch, unsigned assumed
  error: 1 plat 4 at VoxelGrid.compute(110): signed/unsigned mismatch, unsigned assumed
 ok=1 outsize=1096

Cmd: compileComputeKernel
  insize=4098 file=Assets/Resources/VoxelGrid.compute kernel=CS_Static ppOnly=0 stripLineD=0 buildPlatform=19 km=<UNITY_VERSION=202239> pKW=UNITY_ENABLE_REFLECTION_BUFFERS UNITY_USE_DITHER_MASK_FOR_ALPHABLENDED_SHADOWS UNITY_PBS_USE_BRDF1 UNITY_SPECCUBE_BOX_PROJECTION UNITY_SPECCUBE_BLENDING UNITY_ENABLE_DETAIL_NORMALMAP SHADER_API_DESKTOP UNITY_LIGHT_PROBE_PROXY_VOLUME UNITY_LIGHTMAP_FULL_HDR uKW=SHADER_STAGE_COMPUTE platform=d3d11 flags=0 reqs=16385 forceDXC=0 forceFXC=0  error: 1 plat 4 at VoxelGrid.compute(28): implicit truncation of vector type
  error: 1 plat 4 at VoxelGrid.compute(108): signed/unsigned mismatch, unsigned assumed
  error: 1 plat 4 at VoxelGrid.compute(109): signed/unsigned mismatch, unsigned assumed
  error: 1 plat 4 at VoxelGrid.compute(110): signed/unsigned mismatch, unsigned assumed
 ok=1 outsize=329

Cmd: compileComputeKernel
  insize=4098 file=Assets/Resources/VoxelGrid.compute kernel=CS_Clear ppOnly=0 stripLineD=0 buildPlatform=19 km=<UNITY_VERSION=202239> pKW=UNITY_ENABLE_REFLECTION_BUFFERS UNITY_USE_DITHER_MASK_FOR_ALPHABLENDED_SHADOWS UNITY_PBS_USE_BRDF1 UNITY_SPECCUBE_BOX_PROJECTION UNITY_SPECCUBE_BLENDING UNITY_ENABLE_DETAIL_NORMALMAP SHADER_API_DESKTOP UNITY_LIGHT_PROBE_PROXY_VOLUME UNITY_LIGHTMAP_FULL_HDR uKW=SHADER_STAGE_COMPUTE platform=d3d11 flags=0 reqs=16385 forceDXC=0 forceFXC=0  error: 1 plat 4 at VoxelGrid.compute(28): implicit truncation of vector type
  error: 1 plat 4 at VoxelGrid.compute(108): signed/unsigned mismatch, unsigned assumed
  error: 1 plat 4 at VoxelGrid.compute(109): signed/unsigned mismatch, unsigned assumed
  error: 1 plat 4 at VoxelGrid.compute(110): signed/unsigned mismatch, unsigned assumed
 ok=1 outsize=328

Cmd: compileComputeKernel
  insize=4105 file=Assets/Resources/VoxelGrid.compute kernel=CS_VoxelizeScene ppOnly=0 stripLineD=0 buildPlatform=19 km=<UNITY_VERSION=202239> pKW=UNITY_ENABLE_REFLECTION_BUFFERS UNITY_USE_DITHER_MASK_FOR_ALPHABLENDED_SHADOWS UNITY_PBS_USE_BRDF1 UNITY_SPECCUBE_BOX_PROJECTION UNITY_SPECCUBE_BLENDING UNITY_ENABLE_DETAIL_NORMALMAP SHADER_API_DESKTOP UNITY_LIGHT_PROBE_PROXY_VOLUME UNITY_LIGHTMAP_FULL_HDR uKW=SHADER_STAGE_COMPUTE platform=d3d11 flags=0 reqs=16385 forceDXC=0 forceFXC=0  error: 1 plat 4 at VoxelGrid.compute(28): implicit truncation of vector type
  error: 1 plat 4 at VoxelGrid.compute(108): signed/unsigned mismatch, unsigned assumed
  error: 1 plat 4 at VoxelGrid.compute(109): signed/unsigned mismatch, unsigned assumed
  error: 1 plat 4 at VoxelGrid.compute(110): signed/unsigned mismatch, unsigned assumed
  error: 2 plat 4 at VoxelGrid.compute(128): syntax error: unexpected token '='
  error: 2 plat 4 at VoxelGrid.compute(135): syntax error: unexpected token '}'
 ok=0 outsize=0

Cmd: compileComputeKernel
  insize=4105 file=Assets/Resources/VoxelGrid.compute kernel=CS_FillSmoke ppOnly=0 stripLineD=0 buildPlatform=19 km=<UNITY_VERSION=202239> pKW=UNITY_ENABLE_REFLECTION_BUFFERS UNITY_USE_DITHER_MASK_FOR_ALPHABLENDED_SHADOWS UNITY_PBS_USE_BRDF1 UNITY_SPECCUBE_BOX_PROJECTION UNITY_SPECCUBE_BLENDING UNITY_ENABLE_DETAIL_NORMALMAP SHADER_API_DESKTOP UNITY_LIGHT_PROBE_PROXY_VOLUME UNITY_LIGHTMAP_FULL_HDR uKW=SHADER_STAGE_COMPUTE platform=d3d11 flags=0 reqs=16385 forceDXC=0 forceFXC=0  error: 1 plat 4 at VoxelGrid.compute(28): implicit truncation of vector type
  error: 1 plat 4 at VoxelGrid.compute(108): signed/unsigned mismatch, unsigned assumed
  error: 1 plat 4 at VoxelGrid.compute(109): signed/unsigned mismatch, unsigned assumed
  error: 1 plat 4 at VoxelGrid.compute(110): signed/unsigned mismatch, unsigned assumed
  error: 2 plat 4 at VoxelGrid.compute(128): syntax error: unexpected token '='
  error: 2 plat 4 at VoxelGrid.compute(135): syntax error: unexpected token '}'
 ok=0 outsize=0

Cmd: compileComputeKernel
  insize=4105 file=Assets/Resources/VoxelGrid.compute kernel=CS_SmokeOrigin ppOnly=0 stripLineD=0 buildPlatform=19 km=<UNITY_VERSION=202239> pKW=UNITY_ENABLE_REFLECTION_BUFFERS UNITY_USE_DITHER_MASK_FOR_ALPHABLENDED_SHADOWS UNITY_PBS_USE_BRDF1 UNITY_SPECCUBE_BOX_PROJECTION UNITY_SPECCUBE_BLENDING UNITY_ENABLE_DETAIL_NORMALMAP SHADER_API_DESKTOP UNITY_LIGHT_PROBE_PROXY_VOLUME UNITY_LIGHTMAP_FULL_HDR uKW=SHADER_STAGE_COMPUTE platform=d3d11 flags=0 reqs=16385 forceDXC=0 forceFXC=0  error: 1 plat 4 at VoxelGrid.compute(28): implicit truncation of vector type
  error: 1 plat 4 at VoxelGrid.compute(108): signed/unsigned mismatch, unsigned assumed
  error: 1 plat 4 at VoxelGrid.compute(109): signed/unsigned mismatch, unsigned assumed
  error: 1 plat 4 at VoxelGrid.compute(110): signed/unsigned mismatch, unsigned assumed
  error: 2 plat 4 at VoxelGrid.compute(128): syntax error: unexpected token '='
  error: 2 plat 4 at VoxelGrid.compute(135): syntax error: unexpected token '}'
 ok=0 outsize=0

Cmd: compileComputeKernel
  insize=4105 file=Assets/Resources/VoxelGrid.compute kernel=CS_Static ppOnly=0 stripLineD=0 buildPlatform=19 km=<UNITY_VERSION=202239> pKW=UNITY_ENABLE_REFLECTION_BUFFERS UNITY_USE_DITHER_MASK_FOR_ALPHABLENDED_SHADOWS UNITY_PBS_USE_BRDF1 UNITY_SPECCUBE_BOX_PROJECTION UNITY_SPECCUBE_BLENDING UNITY_ENABLE_DETAIL_NORMALMAP SHADER_API_DESKTOP UNITY_LIGHT_PROBE_PROXY_VOLUME UNITY_LIGHTMAP_FULL_HDR uKW=SHADER_STAGE_COMPUTE platform=d3d11 flags=0 reqs=16385 forceDXC=0 forceFXC=0  error: 1 plat 4 at VoxelGrid.compute(28): implicit truncation of vector type
  error: 1 plat 4 at VoxelGrid.compute(108): signed/unsigned mismatch, unsigned assumed
  error: 1 plat 4 at VoxelGrid.compute(109): signed/unsigned mismatch, unsigned assumed
  error: 1 plat 4 at VoxelGrid.compute(110): signed/unsigned mismatch, unsigned assumed
  error: 2 plat 4 at VoxelGrid.compute(128): syntax error: unexpected token '='
  error: 2 plat 4 at VoxelGrid.compute(135): syntax error: unexpected token '}'
 ok=0 outsize=0

Cmd: compileComputeKernel
  insize=4105 file=Assets/Resources/VoxelGrid.compute kernel=CS_Clear ppOnly=0 stripLineD=0 buildPlatform=19 km=<UNITY_VERSION=202239> pKW=UNITY_ENABLE_REFLECTION_BUFFERS UNITY_USE_DITHER_MASK_FOR_ALPHABLENDED_SHADOWS UNITY_PBS_USE_BRDF1 UNITY_SPECCUBE_BOX_PROJECTION UNITY_SPECCUBE_BLENDING UNITY_ENABLE_DETAIL_NORMALMAP SHADER_API_DESKTOP UNITY_LIGHT_PROBE_PROXY_VOLUME UNITY_LIGHTMAP_FULL_HDR uKW=SHADER_STAGE_COMPUTE platform=d3d11 flags=0 reqs=16385 forceDXC=0 forceFXC=0  error: 1 plat 4 at VoxelGrid.compute(28): implicit truncation of vector type
  error: 1 plat 4 at VoxelGrid.compute(108): signed/unsigned mismatch, unsigned assumed
  error: 1 plat 4 at VoxelGrid.compute(109): signed/unsigned mismatch, unsigned assumed
  error: 1 plat 4 at VoxelGrid.compute(110): signed/unsigned mismatch, unsigned assumed
  error: 2 plat 4 at VoxelGrid.compute(128): syntax error: unexpected token '='
  error: 2 plat 4 at VoxelGrid.compute(135): syntax error: unexpected token '}'
 ok=0 outsize=0

Cmd: compileComputeKernel
  insize=4106 file=Assets/Resources/VoxelGrid.compute kernel=CS_VoxelizeScene ppOnly=0 stripLineD=0 buildPlatform=19 km=<UNITY_VERSION=202239> pKW=UNITY_ENABLE_REFLECTION_BUFFERS UNITY_USE_DITHER_MASK_FOR_ALPHABLENDED_SHADOWS UNITY_PBS_USE_BRDF1 UNITY_SPECCUBE_BOX_PROJECTION UNITY_SPECCUBE_BLENDING UNITY_ENABLE_DETAIL_NORMALMAP SHADER_API_DESKTOP UNITY_LIGHT_PROBE_PROXY_VOLUME UNITY_LIGHTMAP_FULL_HDR uKW=SHADER_STAGE_COMPUTE platform=d3d11 flags=0 reqs=16385 forceDXC=0 forceFXC=0  error: 1 plat 4 at VoxelGrid.compute(28): implicit truncation of vector type
  error: 1 plat 4 at VoxelGrid.compute(108): signed/unsigned mismatch, unsigned assumed
  error: 1 plat 4 at VoxelGrid.compute(109): signed/unsigned mismatch, unsigned assumed
  error: 1 plat 4 at VoxelGrid.compute(110): signed/unsigned mismatch, unsigned assumed
 ok=1 outsize=253

Cmd: compileComputeKernel
  insize=4106 file=Assets/Resources/VoxelGrid.compute kernel=CS_FillSmoke ppOnly=0 stripLineD=0 buildPlatform=19 km=<UNITY_VERSION=202239> pKW=UNITY_ENABLE_REFLECTION_BUFFERS UNITY_USE_DITHER_MASK_FOR_ALPHABLENDED_SHADOWS UNITY_PBS_USE_BRDF1 UNITY_SPECCUBE_BOX_PROJECTION UNITY_SPECCUBE_BLENDING UNITY_ENABLE_DETAIL_NORMALMAP SHADER_API_DESKTOP UNITY_LIGHT_PROBE_PROXY_VOLUME UNITY_LIGHTMAP_FULL_HDR uKW=SHADER_STAGE_COMPUTE platform=d3d11 flags=0 reqs=16385 forceDXC=0 forceFXC=0  error: 1 plat 4 at VoxelGrid.compute(28): implicit truncation of vector type
  error: 1 plat 4 at VoxelGrid.compute(108): signed/unsigned mismatch, unsigned assumed
  error: 1 plat 4 at VoxelGrid.compute(109): signed/unsigned mismatch, unsigned assumed
  error: 1 plat 4 at VoxelGrid.compute(110): signed/unsigned mismatch, unsigned assumed
 ok=1 outsize=913

Cmd: compileComputeKernel
  insize=4106 file=Assets/Resources/VoxelGrid.compute kernel=CS_SmokeOrigin ppOnly=0 stripLineD=0 buildPlatform=19 km=<UNITY_VERSION=202239> pKW=UNITY_ENABLE_REFLECTION_BUFFERS UNITY_USE_DITHER_MASK_FOR_ALPHABLENDED_SHADOWS UNITY_PBS_USE_BRDF1 UNITY_SPECCUBE_BOX_PROJECTION UNITY_SPECCUBE_BLENDING UNITY_ENABLE_DETAIL_NORMALMAP SHADER_API_DESKTOP UNITY_LIGHT_PROBE_PROXY_VOLUME UNITY_LIGHTMAP_FULL_HDR uKW=SHADER_STAGE_COMPUTE platform=d3d11 flags=0 reqs=16385 forceDXC=0 forceFXC=0  error: 1 plat 4 at VoxelGrid.compute(28): implicit truncation of vector type
  error: 1 plat 4 at VoxelGrid.compute(108): signed/unsigned mismatch, unsigned assumed
  error: 1 plat 4 at VoxelGrid.compute(109): signed/unsigned mismatch, unsigned assumed
  error: 1 plat 4 at VoxelGrid.compute(110): signed/unsigned mismatch, unsigned assumed
 ok=1 outsize=1096

Cmd: compileComputeKernel
  insize=4106 file=Assets/Resources/VoxelGrid.compute kernel=CS_Static ppOnly=0 stripLineD=0 buildPlatform=19 km=<UNITY_VERSION=202239> pKW=UNITY_ENABLE_REFLECTION_BUFFERS UNITY_USE_DITHER_MASK_FOR_ALPHABLENDED_SHADOWS UNITY_PBS_USE_BRDF1 UNITY_SPECCUBE_BOX_PROJECTION UNITY_SPECCUBE_BLENDING UNITY_ENABLE_DETAIL_NORMALMAP SHADER_API_DESKTOP UNITY_LIGHT_PROBE_PROXY_VOLUME UNITY_LIGHTMAP_FULL_HDR uKW=SHADER_STAGE_COMPUTE platform=d3d11 flags=0 reqs=16385 forceDXC=0 forceFXC=0  error: 1 plat 4 at VoxelGrid.compute(28): implicit truncation of vector type
  error: 1 plat 4 at VoxelGrid.compute(108): signed/unsigned mismatch, unsigned assumed
  error: 1 plat 4 at VoxelGrid.compute(109): signed/unsigned mismatch, unsigned assumed
  error: 1 plat 4 at VoxelGrid.compute(110): signed/unsigned mismatch, unsigned assumed
 ok=1 outsize=329

Cmd: compileComputeKernel
  insize=4106 file=Assets/Resources/VoxelGrid.compute kernel=CS_Clear ppOnly=0 stripLineD=0 buildPlatform=19 km=<UNITY_VERSION=202239> pKW=UNITY_ENABLE_REFLECTION_BUFFERS UNITY_USE_DITHER_MASK_FOR_ALPHABLENDED_SHADOWS UNITY_PBS_USE_BRDF1 UNITY_SPECCUBE_BOX_PROJECTION UNITY_SPECCUBE_BLENDING UNITY_ENABLE_DETAIL_NORMALMAP SHADER_API_DESKTOP UNITY_LIGHT_PROBE_PROXY_VOLUME UNITY_LIGHTMAP_FULL_HDR uKW=SHADER_STAGE_COMPUTE platform=d3d11 flags=0 reqs=16385 forceDXC=0 forceFXC=0  error: 1 plat 4 at VoxelGrid.compute(28): implicit truncation of vector type
  error: 1 plat 4 at VoxelGrid.compute(108): signed/unsigned mismatch, unsigned assumed
  error: 1 plat 4 at VoxelGrid.compute(109): signed/unsigned mismatch, unsigned assumed
  error: 1 plat 4 at VoxelGrid.compute(110): signed/unsigned mismatch, unsigned assumed
 ok=1 outsize=328

Cmd: compileComputeKernel
  insize=4106 file=Assets/Resources/VoxelGrid.compute kernel=CS_VoxelizeScene ppOnly=0 stripLineD=0 buildPlatform=19 km=<UNITY_VERSION=202239> pKW=UNITY_ENABLE_REFLECTION_BUFFERS UNITY_USE_DITHER_MASK_FOR_ALPHABLENDED_SHADOWS UNITY_PBS_USE_BRDF1 UNITY_SPECCUBE_BOX_PROJECTION UNITY_SPECCUBE_BLENDING UNITY_ENABLE_DETAIL_NORMALMAP SHADER_API_DESKTOP UNITY_LIGHT_PROBE_PROXY_VOLUME UNITY_LIGHTMAP_FULL_HDR uKW=SHADER_STAGE_COMPUTE platform=d3d11 flags=0 reqs=16385 forceDXC=0 forceFXC=0  error: 1 plat 4 at VoxelGrid.compute(28): implicit truncation of vector type
  error: 1 plat 4 at VoxelGrid.compute(108): signed/unsigned mismatch, unsigned assumed
  error: 1 plat 4 at VoxelGrid.compute(109): signed/unsigned mismatch, unsigned assumed
  error: 1 plat 4 at VoxelGrid.compute(110): signed/unsigned mismatch, unsigned assumed
 ok=1 outsize=253

Cmd: compileComputeKernel
  insize=4106 file=Assets/Resources/VoxelGrid.compute kernel=CS_FillSmoke ppOnly=0 stripLineD=0 buildPlatform=19 km=<UNITY_VERSION=202239> pKW=UNITY_ENABLE_REFLECTION_BUFFERS UNITY_USE_DITHER_MASK_FOR_ALPHABLENDED_SHADOWS UNITY_PBS_USE_BRDF1 UNITY_SPECCUBE_BOX_PROJECTION UNITY_SPECCUBE_BLENDING UNITY_ENABLE_DETAIL_NORMALMAP SHADER_API_DESKTOP UNITY_LIGHT_PROBE_PROXY_VOLUME UNITY_LIGHTMAP_FULL_HDR uKW=SHADER_STAGE_COMPUTE platform=d3d11 flags=0 reqs=16385 forceDXC=0 forceFXC=0  error: 1 plat 4 at VoxelGrid.compute(28): implicit truncation of vector type
  error: 1 plat 4 at VoxelGrid.compute(108): signed/unsigned mismatch, unsigned assumed
  error: 1 plat 4 at VoxelGrid.compute(109): signed/unsigned mismatch, unsigned assumed
  error: 1 plat 4 at VoxelGrid.compute(110): signed/unsigned mismatch, unsigned assumed
 ok=1 outsize=885

Cmd: compileComputeKernel
  insize=4106 file=Assets/Resources/VoxelGrid.compute kernel=CS_SmokeOrigin ppOnly=0 stripLineD=0 buildPlatform=19 km=<UNITY_VERSION=202239> pKW=UNITY_ENABLE_REFLECTION_BUFFERS UNITY_USE_DITHER_MASK_FOR_ALPHABLENDED_SHADOWS UNITY_PBS_USE_BRDF1 UNITY_SPECCUBE_BOX_PROJECTION UNITY_SPECCUBE_BLENDING UNITY_ENABLE_DETAIL_NORMALMAP SHADER_API_DESKTOP UNITY_LIGHT_PROBE_PROXY_VOLUME UNITY_LIGHTMAP_FULL_HDR uKW=SHADER_STAGE_COMPUTE platform=d3d11 flags=0 reqs=16385 forceDXC=0 forceFXC=0  error: 1 plat 4 at VoxelGrid.compute(28): implicit truncation of vector type
  error: 1 plat 4 at VoxelGrid.compute(108): signed/unsigned mismatch, unsigned assumed
  error: 1 plat 4 at VoxelGrid.compute(109): signed/unsigned mismatch, unsigned assumed
  error: 1 plat 4 at VoxelGrid.compute(110): signed/unsigned mismatch, unsigned assumed
 ok=1 outsize=1096

Cmd: compileComputeKernel
  insize=4106 file=Assets/Resources/VoxelGrid.compute kernel=CS_Static ppOnly=0 stripLineD=0 buildPlatform=19 km=<UNITY_VERSION=202239> pKW=UNITY_ENABLE_REFLECTION_BUFFERS UNITY_USE_DITHER_MASK_FOR_ALPHABLENDED_SHADOWS UNITY_PBS_USE_BRDF1 UNITY_SPECCUBE_BOX_PROJECTION UNITY_SPECCUBE_BLENDING UNITY_ENABLE_DETAIL_NORMALMAP SHADER_API_DESKTOP UNITY_LIGHT_PROBE_PROXY_VOLUME UNITY_LIGHTMAP_FULL_HDR uKW=SHADER_STAGE_COMPUTE platform=d3d11 flags=0 reqs=16385 forceDXC=0 forceFXC=0  error: 1 plat 4 at VoxelGrid.compute(28): implicit truncation of vector type
  error: 1 plat 4 at VoxelGrid.compute(108): signed/unsigned mismatch, unsigned assumed
  error: 1 plat 4 at VoxelGrid.compute(109): signed/unsigned mismatch, unsigned assumed
  error: 1 plat 4 at VoxelGrid.compute(110): signed/unsigned mismatch, unsigned assumed
 ok=1 outsize=329

Cmd: compileComputeKernel
  insize=4106 file=Assets/Resources/VoxelGrid.compute kernel=CS_Clear ppOnly=0 stripLineD=0 buildPlatform=19 km=<UNITY_VERSION=202239> pKW=UNITY_ENABLE_REFLECTION_BUFFERS UNITY_USE_DITHER_MASK_FOR_ALPHABLENDED_SHADOWS UNITY_PBS_USE_BRDF1 UNITY_SPECCUBE_BOX_PROJECTION UNITY_SPECCUBE_BLENDING UNITY_ENABLE_DETAIL_NORMALMAP SHADER_API_DESKTOP UNITY_LIGHT_PROBE_PROXY_VOLUME UNITY_LIGHTMAP_FULL_HDR uKW=SHADER_STAGE_COMPUTE platform=d3d11 flags=0 reqs=16385 forceDXC=0 forceFXC=0  error: 1 plat 4 at VoxelGrid.compute(28): implicit truncation of vector type
  error: 1 plat 4 at VoxelGrid.compute(108): signed/unsigned mismatch, unsigned assumed
  error: 1 plat 4 at VoxelGrid.compute(109): signed/unsigned mismatch, unsigned assumed
  error: 1 plat 4 at VoxelGrid.compute(110): signed/unsigned mismatch, unsigned assumed
 ok=1 outsize=328

Cmd: compileComputeKernel
  insize=4105 file=Assets/Resources/VoxelGrid.compute kernel=CS_VoxelizeScene ppOnly=0 stripLineD=0 buildPlatform=19 km=<UNITY_VERSION=202239> pKW=UNITY_ENABLE_REFLECTION_BUFFERS UNITY_USE_DITHER_MASK_FOR_ALPHABLENDED_SHADOWS UNITY_PBS_USE_BRDF1 UNITY_SPECCUBE_BOX_PROJECTION UNITY_SPECCUBE_BLENDING UNITY_ENABLE_DETAIL_NORMALMAP SHADER_API_DESKTOP UNITY_LIGHT_PROBE_PROXY_VOLUME UNITY_LIGHTMAP_FULL_HDR uKW=SHADER_STAGE_COMPUTE platform=d3d11 flags=0 reqs=16385 forceDXC=0 forceFXC=0  error: 1 plat 4 at VoxelGrid.compute(28): implicit truncation of vector type
 ok=1 outsize=253

Cmd: compileComputeKernel
  insize=4105 file=Assets/Resources/VoxelGrid.compute kernel=CS_FillSmoke ppOnly=0 stripLineD=0 buildPlatform=19 km=<UNITY_VERSION=202239> pKW=UNITY_ENABLE_REFLECTION_BUFFERS UNITY_USE_DITHER_MASK_FOR_ALPHABLENDED_SHADOWS UNITY_PBS_USE_BRDF1 UNITY_SPECCUBE_BOX_PROJECTION UNITY_SPECCUBE_BLENDING UNITY_ENABLE_DETAIL_NORMALMAP SHADER_API_DESKTOP UNITY_LIGHT_PROBE_PROXY_VOLUME UNITY_LIGHTMAP_FULL_HDR uKW=SHADER_STAGE_COMPUTE platform=d3d11 flags=0 reqs=16385 forceDXC=0 forceFXC=0  error: 1 plat 4 at VoxelGrid.compute(28): implicit truncation of vector type
 ok=1 outsize=885

Cmd: compileComputeKernel
  insize=4105 file=Assets/Resources/VoxelGrid.compute kernel=CS_SmokeOrigin ppOnly=0 stripLineD=0 buildPlatform=19 km=<UNITY_VERSION=202239> pKW=UNITY_ENABLE_REFLECTION_BUFFERS UNITY_USE_DITHER_MASK_FOR_ALPHABLENDED_SHADOWS UNITY_PBS_USE_BRDF1 UNITY_SPECCUBE_BOX_PROJECTION UNITY_SPECCUBE_BLENDING UNITY_ENABLE_DETAIL_NORMALMAP SHADER_API_DESKTOP UNITY_LIGHT_PROBE_PROXY_VOLUME UNITY_LIGHTMAP_FULL_HDR uKW=SHADER_STAGE_COMPUTE platform=d3d11 flags=0 reqs=16385 forceDXC=0 forceFXC=0  error: 1 plat 4 at VoxelGrid.compute(28): implicit truncation of vector type
 ok=1 outsize=1096

Cmd: compileComputeKernel
  insize=4105 file=Assets/Resources/VoxelGrid.compute kernel=CS_Static ppOnly=0 stripLineD=0 buildPlatform=19 km=<UNITY_VERSION=202239> pKW=UNITY_ENABLE_REFLECTION_BUFFERS UNITY_USE_DITHER_MASK_FOR_ALPHABLENDED_SHADOWS UNITY_PBS_USE_BRDF1 UNITY_SPECCUBE_BOX_PROJECTION UNITY_SPECCUBE_BLENDING UNITY_ENABLE_DETAIL_NORMALMAP SHADER_API_DESKTOP UNITY_LIGHT_PROBE_PROXY_VOLUME UNITY_LIGHTMAP_FULL_HDR uKW=SHADER_STAGE_COMPUTE platform=d3d11 flags=0 reqs=16385 forceDXC=0 forceFXC=0  error: 1 plat 4 at VoxelGrid.compute(28): implicit truncation of vector type
 ok=1 outsize=329

Cmd: compileComputeKernel
  insize=4105 file=Assets/Resources/VoxelGrid.compute kernel=CS_Clear ppOnly=0 stripLineD=0 buildPlatform=19 km=<UNITY_VERSION=202239> pKW=UNITY_ENABLE_REFLECTION_BUFFERS UNITY_USE_DITHER_MASK_FOR_ALPHABLENDED_SHADOWS UNITY_PBS_USE_BRDF1 UNITY_SPECCUBE_BOX_PROJECTION UNITY_SPECCUBE_BLENDING UNITY_ENABLE_DETAIL_NORMALMAP SHADER_API_DESKTOP UNITY_LIGHT_PROBE_PROXY_VOLUME UNITY_LIGHTMAP_FULL_HDR uKW=SHADER_STAGE_COMPUTE platform=d3d11 flags=0 reqs=16385 forceDXC=0 forceFXC=0  error: 1 plat 4 at VoxelGrid.compute(28): implicit truncation of vector type
 ok=1 outsize=328

Cmd: compileComputeKernel
  insize=4229 file=Assets/Resources/VoxelGrid.compute kernel=CS_VoxelizeScene ppOnly=0 stripLineD=0 buildPlatform=19 km=<UNITY_VERSION=202239> pKW=UNITY_ENABLE_REFLECTION_BUFFERS UNITY_USE_DITHER_MASK_FOR_ALPHABLENDED_SHADOWS UNITY_PBS_USE_BRDF1 UNITY_SPECCUBE_BOX_PROJECTION UNITY_SPECCUBE_BLENDING UNITY_ENABLE_DETAIL_NORMALMAP SHADER_API_DESKTOP UNITY_LIGHT_PROBE_PROXY_VOLUME UNITY_LIGHTMAP_FULL_HDR uKW=SHADER_STAGE_COMPUTE platform=d3d11 flags=0 reqs=16385 forceDXC=0 forceFXC=0  error: 1 plat 4 at VoxelGrid.compute(28): implicit truncation of vector type
  error: 1 plat 4 at VoxelGrid.compute(123): signed/unsigned mismatch, unsigned assumed
 ok=1 outsize=253

Cmd: compileComputeKernel
  insize=4229 file=Assets/Resources/VoxelGrid.compute kernel=CS_FillSmoke ppOnly=0 stripLineD=0 buildPlatform=19 km=<UNITY_VERSION=202239> pKW=UNITY_ENABLE_REFLECTION_BUFFERS UNITY_USE_DITHER_MASK_FOR_ALPHABLENDED_SHADOWS UNITY_PBS_USE_BRDF1 UNITY_SPECCUBE_BOX_PROJECTION UNITY_SPECCUBE_BLENDING UNITY_ENABLE_DETAIL_NORMALMAP SHADER_API_DESKTOP UNITY_LIGHT_PROBE_PROXY_VOLUME UNITY_LIGHTMAP_FULL_HDR uKW=SHADER_STAGE_COMPUTE platform=d3d11 flags=0 reqs=16385 forceDXC=0 forceFXC=0  error: 1 plat 4 at VoxelGrid.compute(28): implicit truncation of vector type
  error: 1 plat 4 at VoxelGrid.compute(123): signed/unsigned mismatch, unsigned assumed
 ok=1 outsize=1289

Cmd: compileComputeKernel
  insize=4229 file=Assets/Resources/VoxelGrid.compute kernel=CS_SmokeOrigin ppOnly=0 stripLineD=0 buildPlatform=19 km=<UNITY_VERSION=202239> pKW=UNITY_ENABLE_REFLECTION_BUFFERS UNITY_USE_DITHER_MASK_FOR_ALPHABLENDED_SHADOWS UNITY_PBS_USE_BRDF1 UNITY_SPECCUBE_BOX_PROJECTION UNITY_SPECCUBE_BLENDING UNITY_ENABLE_DETAIL_NORMALMAP SHADER_API_DESKTOP UNITY_LIGHT_PROBE_PROXY_VOLUME UNITY_LIGHTMAP_FULL_HDR uKW=SHADER_STAGE_COMPUTE platform=d3d11 flags=0 reqs=16385 forceDXC=0 forceFXC=0  error: 1 plat 4 at VoxelGrid.compute(28): implicit truncation of vector type
  error: 1 plat 4 at VoxelGrid.compute(123): signed/unsigned mismatch, unsigned assumed
 ok=1 outsize=1096

Cmd: compileComputeKernel
  insize=4229 file=Assets/Resources/VoxelGrid.compute kernel=CS_Static ppOnly=0 stripLineD=0 buildPlatform=19 km=<UNITY_VERSION=202239> pKW=UNITY_ENABLE_REFLECTION_BUFFERS UNITY_USE_DITHER_MASK_FOR_ALPHABLENDED_SHADOWS UNITY_PBS_USE_BRDF1 UNITY_SPECCUBE_BOX_PROJECTION UNITY_SPECCUBE_BLENDING UNITY_ENABLE_DETAIL_NORMALMAP SHADER_API_DESKTOP UNITY_LIGHT_PROBE_PROXY_VOLUME UNITY_LIGHTMAP_FULL_HDR uKW=SHADER_STAGE_COMPUTE platform=d3d11 flags=0 reqs=16385 forceDXC=0 forceFXC=0  error: 1 plat 4 at VoxelGrid.compute(28): implicit truncation of vector type
  error: 1 plat 4 at VoxelGrid.compute(123): signed/unsigned mismatch, unsigned assumed
 ok=1 outsize=329

Cmd: compileComputeKernel
  insize=4229 file=Assets/Resources/VoxelGrid.compute kernel=CS_Clear ppOnly=0 stripLineD=0 buildPlatform=19 km=<UNITY_VERSION=202239> pKW=UNITY_ENABLE_REFLECTION_BUFFERS UNITY_USE_DITHER_MASK_FOR_ALPHABLENDED_SHADOWS UNITY_PBS_USE_BRDF1 UNITY_SPECCUBE_BOX_PROJECTION UNITY_SPECCUBE_BLENDING UNITY_ENABLE_DETAIL_NORMALMAP SHADER_API_DESKTOP UNITY_LIGHT_PROBE_PROXY_VOLUME UNITY_LIGHTMAP_FULL_HDR uKW=SHADER_STAGE_COMPUTE platform=d3d11 flags=0 reqs=16385 forceDXC=0 forceFXC=0  error: 1 plat 4 at VoxelGrid.compute(28): implicit truncation of vector type
  error: 1 plat 4 at VoxelGrid.compute(123): signed/unsigned mismatch, unsigned assumed
 ok=1 outsize=328

Cmd: compileComputeKernel
  insize=4260 file=Assets/Resources/VoxelGrid.compute kernel=CS_VoxelizeScene ppOnly=0 stripLineD=0 buildPlatform=19 km=<UNITY_VERSION=202239> pKW=UNITY_ENABLE_REFLECTION_BUFFERS UNITY_USE_DITHER_MASK_FOR_ALPHABLENDED_SHADOWS UNITY_PBS_USE_BRDF1 UNITY_SPECCUBE_BOX_PROJECTION UNITY_SPECCUBE_BLENDING UNITY_ENABLE_DETAIL_NORMALMAP SHADER_API_DESKTOP UNITY_LIGHT_PROBE_PROXY_VOLUME UNITY_LIGHTMAP_FULL_HDR uKW=SHADER_STAGE_COMPUTE platform=d3d11 flags=0 reqs=16385 forceDXC=0 forceFXC=0  error: 2 plat 4 at VoxelGrid.compute(30): invalid subscript 'y'
 ok=0 outsize=0

Cmd: compileComputeKernel
  insize=4260 file=Assets/Resources/VoxelGrid.compute kernel=CS_FillSmoke ppOnly=0 stripLineD=0 buildPlatform=19 km=<UNITY_VERSION=202239> pKW=UNITY_ENABLE_REFLECTION_BUFFERS UNITY_USE_DITHER_MASK_FOR_ALPHABLENDED_SHADOWS UNITY_PBS_USE_BRDF1 UNITY_SPECCUBE_BOX_PROJECTION UNITY_SPECCUBE_BLENDING UNITY_ENABLE_DETAIL_NORMALMAP SHADER_API_DESKTOP UNITY_LIGHT_PROBE_PROXY_VOLUME UNITY_LIGHTMAP_FULL_HDR uKW=SHADER_STAGE_COMPUTE platform=d3d11 flags=0 reqs=16385 forceDXC=0 forceFXC=0  error: 2 plat 4 at VoxelGrid.compute(30): invalid subscript 'y'
 ok=0 outsize=0

Cmd: compileComputeKernel
  insize=4260 file=Assets/Resources/VoxelGrid.compute kernel=CS_SmokeOrigin ppOnly=0 stripLineD=0 buildPlatform=19 km=<UNITY_VERSION=202239> pKW=UNITY_ENABLE_REFLECTION_BUFFERS UNITY_USE_DITHER_MASK_FOR_ALPHABLENDED_SHADOWS UNITY_PBS_USE_BRDF1 UNITY_SPECCUBE_BOX_PROJECTION UNITY_SPECCUBE_BLENDING UNITY_ENABLE_DETAIL_NORMALMAP SHADER_API_DESKTOP UNITY_LIGHT_PROBE_PROXY_VOLUME UNITY_LIGHTMAP_FULL_HDR uKW=SHADER_STAGE_COMPUTE platform=d3d11 flags=0 reqs=16385 forceDXC=0 forceFXC=0  error: 2 plat 4 at VoxelGrid.compute(30): invalid subscript 'y'
 ok=0 outsize=0

Cmd: compileComputeKernel
  insize=4260 file=Assets/Resources/VoxelGrid.compute kernel=CS_Static ppOnly=0 stripLineD=0 buildPlatform=19 km=<UNITY_VERSION=202239> pKW=UNITY_ENABLE_REFLECTION_BUFFERS UNITY_USE_DITHER_MASK_FOR_ALPHABLENDED_SHADOWS UNITY_PBS_USE_BRDF1 UNITY_SPECCUBE_BOX_PROJECTION UNITY_SPECCUBE_BLENDING UNITY_ENABLE_DETAIL_NORMALMAP SHADER_API_DESKTOP UNITY_LIGHT_PROBE_PROXY_VOLUME UNITY_LIGHTMAP_FULL_HDR uKW=SHADER_STAGE_COMPUTE platform=d3d11 flags=0 reqs=16385 forceDXC=0 forceFXC=0  error: 2 plat 4 at VoxelGrid.compute(30): invalid subscript 'y'
 ok=0 outsize=0

Cmd: compileComputeKernel
  insize=4260 file=Assets/Resources/VoxelGrid.compute kernel=CS_Clear ppOnly=0 stripLineD=0 buildPlatform=19 km=<UNITY_VERSION=202239> pKW=UNITY_ENABLE_REFLECTION_BUFFERS UNITY_USE_DITHER_MASK_FOR_ALPHABLENDED_SHADOWS UNITY_PBS_USE_BRDF1 UNITY_SPECCUBE_BOX_PROJECTION UNITY_SPECCUBE_BLENDING UNITY_ENABLE_DETAIL_NORMALMAP SHADER_API_DESKTOP UNITY_LIGHT_PROBE_PROXY_VOLUME UNITY_LIGHTMAP_FULL_HDR uKW=SHADER_STAGE_COMPUTE platform=d3d11 flags=0 reqs=16385 forceDXC=0 forceFXC=0  error: 2 plat 4 at VoxelGrid.compute(30): invalid subscript 'y'
 ok=0 outsize=0

Cmd: compileComputeKernel
  insize=4240 file=Assets/Resources/VoxelGrid.compute kernel=CS_VoxelizeScene ppOnly=0 stripLineD=0 buildPlatform=19 km=<UNITY_VERSION=202239> pKW=UNITY_ENABLE_REFLECTION_BUFFERS UNITY_USE_DITHER_MASK_FOR_ALPHABLENDED_SHADOWS UNITY_PBS_USE_BRDF1 UNITY_SPECCUBE_BOX_PROJECTION UNITY_SPECCUBE_BLENDING UNITY_ENABLE_DETAIL_NORMALMAP SHADER_API_DESKTOP UNITY_LIGHT_PROBE_PROXY_VOLUME UNITY_LIGHTMAP_FULL_HDR uKW=SHADER_STAGE_COMPUTE platform=d3d11 flags=0 reqs=16385 forceDXC=0 forceFXC=0  error: 2 plat 4 at VoxelGrid.compute(30): invalid subscript 'y'
 ok=0 outsize=0

Cmd: compileComputeKernel
  insize=4240 file=Assets/Resources/VoxelGrid.compute kernel=CS_FillSmoke ppOnly=0 stripLineD=0 buildPlatform=19 km=<UNITY_VERSION=202239> pKW=UNITY_ENABLE_REFLECTION_BUFFERS UNITY_USE_DITHER_MASK_FOR_ALPHABLENDED_SHADOWS UNITY_PBS_USE_BRDF1 UNITY_SPECCUBE_BOX_PROJECTION UNITY_SPECCUBE_BLENDING UNITY_ENABLE_DETAIL_NORMALMAP SHADER_API_DESKTOP UNITY_LIGHT_PROBE_PROXY_VOLUME UNITY_LIGHTMAP_FULL_HDR uKW=SHADER_STAGE_COMPUTE platform=d3d11 flags=0 reqs=16385 forceDXC=0 forceFXC=0  error: 2 plat 4 at VoxelGrid.compute(30): invalid subscript 'y'
 ok=0 outsize=0

Cmd: compileComputeKernel
  insize=4240 file=Assets/Resources/VoxelGrid.compute kernel=CS_SmokeOrigin ppOnly=0 stripLineD=0 buildPlatform=19 km=<UNITY_VERSION=202239> pKW=UNITY_ENABLE_REFLECTION_BUFFERS UNITY_USE_DITHER_MASK_FOR_ALPHABLENDED_SHADOWS UNITY_PBS_USE_BRDF1 UNITY_SPECCUBE_BOX_PROJECTION UNITY_SPECCUBE_BLENDING UNITY_ENABLE_DETAIL_NORMALMAP SHADER_API_DESKTOP UNITY_LIGHT_PROBE_PROXY_VOLUME UNITY_LIGHTMAP_FULL_HDR uKW=SHADER_STAGE_COMPUTE platform=d3d11 flags=0 reqs=16385 forceDXC=0 forceFXC=0  error: 2 plat 4 at VoxelGrid.compute(30): invalid subscript 'y'
 ok=0 outsize=0

Cmd: compileComputeKernel
  insize=4240 file=Assets/Resources/VoxelGrid.compute kernel=CS_Static ppOnly=0 stripLineD=0 buildPlatform=19 km=<UNITY_VERSION=202239> pKW=UNITY_ENABLE_REFLECTION_BUFFERS UNITY_USE_DITHER_MASK_FOR_ALPHABLENDED_SHADOWS UNITY_PBS_USE_BRDF1 UNITY_SPECCUBE_BOX_PROJECTION UNITY_SPECCUBE_BLENDING UNITY_ENABLE_DETAIL_NORMALMAP SHADER_API_DESKTOP UNITY_LIGHT_PROBE_PROXY_VOLUME UNITY_LIGHTMAP_FULL_HDR uKW=SHADER_STAGE_COMPUTE platform=d3d11 flags=0 reqs=16385 forceDXC=0 forceFXC=0  error: 2 plat 4 at VoxelGrid.compute(30): invalid subscript 'y'
 ok=0 outsize=0

Cmd: compileComputeKernel
  insize=4240 file=Assets/Resources/VoxelGrid.compute kernel=CS_Clear ppOnly=0 stripLineD=0 buildPlatform=19 km=<UNITY_VERSION=202239> pKW=UNITY_ENABLE_REFLECTION_BUFFERS UNITY_USE_DITHER_MASK_FOR_ALPHABLENDED_SHADOWS UNITY_PBS_USE_BRDF1 UNITY_SPECCUBE_BOX_PROJECTION UNITY_SPECCUBE_BLENDING UNITY_ENABLE_DETAIL_NORMALMAP SHADER_API_DESKTOP UNITY_LIGHT_PROBE_PROXY_VOLUME UNITY_LIGHTMAP_FULL_HDR uKW=SHADER_STAGE_COMPUTE platform=d3d11 flags=0 reqs=16385 forceDXC=0 forceFXC=0  error: 2 plat 4 at VoxelGrid.compute(30): invalid subscript 'y'
 ok=0 outsize=0

Cmd: compileComputeKernel
  insize=4241 file=Assets/Resources/VoxelGrid.compute kernel=CS_VoxelizeScene ppOnly=0 stripLineD=0 buildPlatform=19 km=<UNITY_VERSION=202239> pKW=UNITY_ENABLE_REFLECTION_BUFFERS UNITY_USE_DITHER_MASK_FOR_ALPHABLENDED_SHADOWS UNITY_PBS_USE_BRDF1 UNITY_SPECCUBE_BOX_PROJECTION UNITY_SPECCUBE_BLENDING UNITY_ENABLE_DETAIL_NORMALMAP SHADER_API_DESKTOP UNITY_LIGHT_PROBE_PROXY_VOLUME UNITY_LIGHTMAP_FULL_HDR uKW=SHADER_STAGE_COMPUTE platform=d3d11 flags=0 reqs=16385 forceDXC=0 forceFXC=0 ok=1 outsize=253

Cmd: compileComputeKernel
  insize=4241 file=Assets/Resources/VoxelGrid.compute kernel=CS_FillSmoke ppOnly=0 stripLineD=0 buildPlatform=19 km=<UNITY_VERSION=202239> pKW=UNITY_ENABLE_REFLECTION_BUFFERS UNITY_USE_DITHER_MASK_FOR_ALPHABLENDED_SHADOWS UNITY_PBS_USE_BRDF1 UNITY_SPECCUBE_BOX_PROJECTION UNITY_SPECCUBE_BLENDING UNITY_ENABLE_DETAIL_NORMALMAP SHADER_API_DESKTOP UNITY_LIGHT_PROBE_PROXY_VOLUME UNITY_LIGHTMAP_FULL_HDR uKW=SHADER_STAGE_COMPUTE platform=d3d11 flags=0 reqs=16385 forceDXC=0 forceFXC=0 ok=1 outsize=2301

Cmd: compileComputeKernel
  insize=4241 file=Assets/Resources/VoxelGrid.compute kernel=CS_SmokeOrigin ppOnly=0 stripLineD=0 buildPlatform=19 km=<UNITY_VERSION=202239> pKW=UNITY_ENABLE_REFLECTION_BUFFERS UNITY_USE_DITHER_MASK_FOR_ALPHABLENDED_SHADOWS UNITY_PBS_USE_BRDF1 UNITY_SPECCUBE_BOX_PROJECTION UNITY_SPECCUBE_BLENDING UNITY_ENABLE_DETAIL_NORMALMAP SHADER_API_DESKTOP UNITY_LIGHT_PROBE_PROXY_VOLUME UNITY_LIGHTMAP_FULL_HDR uKW=SHADER_STAGE_COMPUTE platform=d3d11 flags=0 reqs=16385 forceDXC=0 forceFXC=0 ok=1 outsize=1096

Cmd: compileComputeKernel
  insize=4241 file=Assets/Resources/VoxelGrid.compute kernel=CS_Static ppOnly=0 stripLineD=0 buildPlatform=19 km=<UNITY_VERSION=202239> pKW=UNITY_ENABLE_REFLECTION_BUFFERS UNITY_USE_DITHER_MASK_FOR_ALPHABLENDED_SHADOWS UNITY_PBS_USE_BRDF1 UNITY_SPECCUBE_BOX_PROJECTION UNITY_SPECCUBE_BLENDING UNITY_ENABLE_DETAIL_NORMALMAP SHADER_API_DESKTOP UNITY_LIGHT_PROBE_PROXY_VOLUME UNITY_LIGHTMAP_FULL_HDR uKW=SHADER_STAGE_COMPUTE platform=d3d11 flags=0 reqs=16385 forceDXC=0 forceFXC=0 ok=1 outsize=329

Cmd: compileComputeKernel
  insize=4241 file=Assets/Resources/VoxelGrid.compute kernel=CS_Clear ppOnly=0 stripLineD=0 buildPlatform=19 km=<UNITY_VERSION=202239> pKW=UNITY_ENABLE_REFLECTION_BUFFERS UNITY_USE_DITHER_MASK_FOR_ALPHABLENDED_SHADOWS UNITY_PBS_USE_BRDF1 UNITY_SPECCUBE_BOX_PROJECTION UNITY_SPECCUBE_BLENDING UNITY_ENABLE_DETAIL_NORMALMAP SHADER_API_DESKTOP UNITY_LIGHT_PROBE_PROXY_VOLUME UNITY_LIGHTMAP_FULL_HDR uKW=SHADER_STAGE_COMPUTE platform=d3d11 flags=0 reqs=16385 forceDXC=0 forceFXC=0 ok=1 outsize=328

Cmd: compileComputeKernel
  insize=4242 file=Assets/Resources/VoxelGrid.compute kernel=CS_VoxelizeScene ppOnly=0 stripLineD=0 buildPlatform=19 km=<UNITY_VERSION=202239> pKW=UNITY_ENABLE_REFLECTION_BUFFERS UNITY_USE_DITHER_MASK_FOR_ALPHABLENDED_SHADOWS UNITY_PBS_USE_BRDF1 UNITY_SPECCUBE_BOX_PROJECTION UNITY_SPECCUBE_BLENDING UNITY_ENABLE_DETAIL_NORMALMAP SHADER_API_DESKTOP UNITY_LIGHT_PROBE_PROXY_VOLUME UNITY_LIGHTMAP_FULL_HDR uKW=SHADER_STAGE_COMPUTE platform=d3d11 flags=0 reqs=16385 forceDXC=0 forceFXC=0 ok=1 outsize=253

Cmd: compileComputeKernel
  insize=4242 file=Assets/Resources/VoxelGrid.compute kernel=CS_FillSmoke ppOnly=0 stripLineD=0 buildPlatform=19 km=<UNITY_VERSION=202239> pKW=UNITY_ENABLE_REFLECTION_BUFFERS UNITY_USE_DITHER_MASK_FOR_ALPHABLENDED_SHADOWS UNITY_PBS_USE_BRDF1 UNITY_SPECCUBE_BOX_PROJECTION UNITY_SPECCUBE_BLENDING UNITY_ENABLE_DETAIL_NORMALMAP SHADER_API_DESKTOP UNITY_LIGHT_PROBE_PROXY_VOLUME UNITY_LIGHTMAP_FULL_HDR uKW=SHADER_STAGE_COMPUTE platform=d3d11 flags=0 reqs=16385 forceDXC=0 forceFXC=0 ok=1 outsize=2301

Cmd: compileComputeKernel
  insize=4242 file=Assets/Resources/VoxelGrid.compute kernel=CS_SmokeOrigin ppOnly=0 stripLineD=0 buildPlatform=19 km=<UNITY_VERSION=202239> pKW=UNITY_ENABLE_REFLECTION_BUFFERS UNITY_USE_DITHER_MASK_FOR_ALPHABLENDED_SHADOWS UNITY_PBS_USE_BRDF1 UNITY_SPECCUBE_BOX_PROJECTION UNITY_SPECCUBE_BLENDING UNITY_ENABLE_DETAIL_NORMALMAP SHADER_API_DESKTOP UNITY_LIGHT_PROBE_PROXY_VOLUME UNITY_LIGHTMAP_FULL_HDR uKW=SHADER_STAGE_COMPUTE platform=d3d11 flags=0 reqs=16385 forceDXC=0 forceFXC=0 ok=1 outsize=1096

Cmd: compileComputeKernel
  insize=4242 file=Assets/Resources/VoxelGrid.compute kernel=CS_Static ppOnly=0 stripLineD=0 buildPlatform=19 km=<UNITY_VERSION=202239> pKW=UNITY_ENABLE_REFLECTION_BUFFERS UNITY_USE_DITHER_MASK_FOR_ALPHABLENDED_SHADOWS UNITY_PBS_USE_BRDF1 UNITY_SPECCUBE_BOX_PROJECTION UNITY_SPECCUBE_BLENDING UNITY_ENABLE_DETAIL_NORMALMAP SHADER_API_DESKTOP UNITY_LIGHT_PROBE_PROXY_VOLUME UNITY_LIGHTMAP_FULL_HDR uKW=SHADER_STAGE_COMPUTE platform=d3d11 flags=0 reqs=16385 forceDXC=0 forceFXC=0 ok=1 outsize=329

Cmd: compileComputeKernel
  insize=4242 file=Assets/Resources/VoxelGrid.compute kernel=CS_Clear ppOnly=0 stripLineD=0 buildPlatform=19 km=<UNITY_VERSION=202239> pKW=UNITY_ENABLE_REFLECTION_BUFFERS UNITY_USE_DITHER_MASK_FOR_ALPHABLENDED_SHADOWS UNITY_PBS_USE_BRDF1 UNITY_SPECCUBE_BOX_PROJECTION UNITY_SPECCUBE_BLENDING UNITY_ENABLE_DETAIL_NORMALMAP SHADER_API_DESKTOP UNITY_LIGHT_PROBE_PROXY_VOLUME UNITY_LIGHTMAP_FULL_HDR uKW=SHADER_STAGE_COMPUTE platform=d3d11 flags=0 reqs=16385 forceDXC=0 forceFXC=0 ok=1 outsize=328

